2023-10-19 12:44:32 INFO:20231019124432:Selecting report file...
2023-10-19 12:44:35 INFO:20231019124432:File selected: D:\ReportAnalysis\test\test1\NM_qfq_table_pgmfreq.tsv
2023-10-19 12:44:35 INFO:20231019124432:Processing report...
2023-10-19 12:44:35 INFO:20231019124432:Report processed
2023-10-19 12:45:35 INFO:20231019124432:Executing LIMMA...
2023-10-19 12:45:40 INFO:20231019124432:Performing calculations: Z_pgm2p
2023-10-19 12:45:40 INFO:20231019124432:Z_pgm2p - Calculating Mean difference
2023-10-19 12:45:40 INFO:20231019124432:Z_pgm2p - Applying LIMMA
2023-10-19 12:45:42 INFO:20231019124432:Z_pgm2p - Prior Variance: 0.697087898496967
2023-10-19 12:45:42 INFO:20231019124432:Z_pgm2p - Prior Degrees of Freedom: 3.0615310545065
2023-10-19 12:45:42 INFO:20231019124432:Performing calculations: Z_pgm2p_dNM
2023-10-19 12:45:42 INFO:20231019124432:Z_pgm2p_dNM - Calculating Mean difference
2023-10-19 12:45:42 INFO:20231019124432:Z_pgm2p_dNM - Applying LIMMA
2023-10-19 12:45:44 INFO:20231019124432:Z_pgm2p_dNM - Prior Variance: 1.77268369796558
2023-10-19 12:45:44 INFO:20231019124432:Z_pgm2p_dNM - Prior Degrees of Freedom: 2.29716275901306
2023-10-19 12:45:45 INFO:20231019124432:Performing calculations: Z_p2qf
2023-10-19 12:45:45 INFO:20231019124432:Z_p2qf - Calculating Mean difference
2023-10-19 12:45:45 INFO:20231019124432:Z_p2qf - Applying LIMMA
2023-10-19 12:45:45 INFO:20231019124432:Z_p2qf - Prior Variance: 0.450215810039205
2023-10-19 12:45:45 INFO:20231019124432:Z_p2qf - Prior Degrees of Freedom: 1.40257423950754
2023-10-19 12:45:45 INFO:20231019124432:Performing calculations: Z_qf2qfq
2023-10-19 12:45:45 INFO:20231019124432:Z_qf2qfq - Calculating Mean difference
2023-10-19 12:45:45 INFO:20231019124432:Z_qf2qfq - Applying LIMMA
2023-10-19 12:45:46 INFO:20231019124432:Z_qf2qfq - Prior Variance: 0.66229949510971
2023-10-19 12:45:46 INFO:20231019124432:Z_qf2qfq - Prior Degrees of Freedom: 3.30281974428691
2023-10-19 12:45:46 INFO:20231019124432:Performing calculations: Z_qfq2qfqall
2023-10-19 12:45:46 INFO:20231019124432:Z_qfq2qfqall - Calculating Mean difference
2023-10-19 12:45:46 INFO:20231019124432:Z_qfq2qfqall - Applying LIMMA
2023-10-19 12:45:47 INFO:20231019124432:Z_qfq2qfqall - Prior Variance: 0.613126078617638
2023-10-19 12:45:47 INFO:20231019124432:Z_qfq2qfqall - Prior Degrees of Freedom: 2.90873522048785
2023-10-19 12:45:47 INFO:20231019124432:Generating output table...
2023-10-19 12:46:00 INFO:20231019124432:Output table was written: D:\ReportAnalysis\test\test1\LIMMA_NM_qfq_table_pgmfreq.tsv
2023-10-19 12:46:00 INFO:20231019124432:LIMMA was executed
